TN:
SF:C:\Users\Lebo\Documents\EISH_new\Frontend\src\polyfills.ts
FNF:0
FNH:0
LF:0
LH:0
BRF:0
BRH:0
end_of_record
TN:
SF:C:\Users\Lebo\Documents\EISH_new\Frontend\src\test.ts
FNF:0
FNH:0
DA:13,1
DA:18,1
DA:20,1
LF:3
LH:3
BRF:0
BRH:0
end_of_record
TN:
SF:C:\Users\Lebo\Documents\EISH_new\Frontend\src\app\services\consumption\consumption.service.ts
FN:19,(anonymous_0)
FN:21,(anonymous_1)
FN:28,(anonymous_2)
FN:32,(anonymous_3)
FN:36,(anonymous_4)
FN:40,(anonymous_5)
FN:44,(anonymous_6)
FN:49,(anonymous_7)
FN:54,(anonymous_8)
FNF:9
FNH:1
FNDA:1,(anonymous_0)
FNDA:0,(anonymous_1)
FNDA:0,(anonymous_2)
FNDA:0,(anonymous_3)
FNDA:0,(anonymous_4)
FNDA:0,(anonymous_5)
FNDA:0,(anonymous_6)
FNDA:0,(anonymous_7)
FNDA:0,(anonymous_8)
DA:11,1
DA:16,1
DA:17,1
DA:19,1
DA:22,0
DA:23,0
DA:29,0
DA:33,0
DA:37,0
DA:41,0
DA:45,0
DA:46,0
DA:50,0
DA:51,0
DA:55,0
DA:56,0
LF:16
LH:4
BRF:0
BRH:0
end_of_record
TN:
SF:C:\Users\Lebo\Documents\EISH_new\Frontend\src\app\services\devices\device.service.ts
FN:18,(anonymous_0)
FN:22,(anonymous_1)
FN:32,(anonymous_2)
FN:42,(anonymous_3)
FN:52,(anonymous_4)
FN:69,(anonymous_5)
FN:79,(anonymous_6)
FN:88,(anonymous_7)
FN:105,(anonymous_8)
FNF:9
FNH:3
FNDA:3,(anonymous_0)
FNDA:0,(anonymous_1)
FNDA:1,(anonymous_2)
FNDA:0,(anonymous_3)
FNDA:0,(anonymous_4)
FNDA:1,(anonymous_5)
FNDA:0,(anonymous_6)
FNDA:0,(anonymous_7)
FNDA:0,(anonymous_8)
DA:11,1
DA:15,3
DA:16,3
DA:18,3
DA:19,3
DA:23,0
DA:24,0
DA:33,1
DA:43,0
DA:44,0
DA:53,0
DA:54,0
DA:70,1
DA:71,1
DA:80,0
DA:89,0
DA:90,0
DA:106,0
LF:18
LH:8
BRDA:89,0,0,0
BRDA:89,0,1,0
BRF:2
BRH:0
end_of_record
TN:
SF:C:\Users\Lebo\Documents\EISH_new\Frontend\src\app\services\forecast\forecast.service.ts
FN:8,(anonymous_0)
FNF:1
FNH:1
FNDA:1,(anonymous_0)
DA:6,1
LF:1
LH:1
BRF:0
BRH:0
end_of_record
TN:
SF:C:\Users\Lebo\Documents\EISH_new\Frontend\src\app\services\generators\generator.service.ts
FN:19,(anonymous_0)
FN:25,(anonymous_1)
FN:34,(anonymous_2)
FN:44,(anonymous_3)
FN:53,(anonymous_4)
FN:63,(anonymous_5)
FN:72,(anonymous_6)
FN:77,(anonymous_7)
FN:81,(anonymous_8)
FN:91,(anonymous_9)
FN:96,(anonymous_10)
FN:101,(anonymous_11)
FN:105,(anonymous_12)
FN:109,(anonymous_13)
FN:113,(anonymous_14)
FNF:15
FNH:1
FNDA:1,(anonymous_0)
FNDA:0,(anonymous_1)
FNDA:0,(anonymous_2)
FNDA:0,(anonymous_3)
FNDA:0,(anonymous_4)
FNDA:0,(anonymous_5)
FNDA:0,(anonymous_6)
FNDA:0,(anonymous_7)
FNDA:0,(anonymous_8)
FNDA:0,(anonymous_9)
FNDA:0,(anonymous_10)
FNDA:0,(anonymous_11)
FNDA:0,(anonymous_12)
FNDA:0,(anonymous_13)
FNDA:0,(anonymous_14)
DA:11,1
DA:16,1
DA:17,1
DA:19,1
DA:26,0
DA:35,0
DA:45,0
DA:46,0
DA:54,0
DA:55,0
DA:56,0
DA:64,0
DA:73,0
DA:78,0
DA:82,0
DA:83,0
DA:92,0
DA:93,0
DA:97,0
DA:98,0
DA:102,0
DA:106,0
DA:110,0
DA:114,0
DA:115,0
LF:25
LH:4
BRF:0
BRH:0
end_of_record
TN:
SF:C:\Users\Lebo\Documents\EISH_new\Frontend\src\app\services\input\input.service.ts
FN:10,(anonymous_0)
FN:15,(anonymous_1)
FN:22,(anonymous_2)
FNF:3
FNH:1
FNDA:1,(anonymous_0)
FNDA:0,(anonymous_1)
FNDA:0,(anonymous_2)
DA:6,1
LF:1
LH:1
BRF:0
BRH:0
end_of_record
TN:
SF:C:\Users\Lebo\Documents\EISH_new\Frontend\src\app\services\notifications\notifications.service.ts
FN:15,(anonymous_0)
FN:21,(anonymous_1)
FN:28,(anonymous_2)
FNF:3
FNH:1
FNDA:1,(anonymous_0)
FNDA:0,(anonymous_1)
FNDA:0,(anonymous_2)
DA:10,1
DA:14,1
DA:15,1
DA:22,0
DA:29,0
LF:5
LH:3
BRF:0
BRH:0
end_of_record
TN:
SF:C:\Users\Lebo\Documents\EISH_new\Frontend\src\app\services\user\user-access-control.service.ts
FN:23,(anonymous_0)
FN:33,(anonymous_1)
FN:37,(anonymous_2)
FN:49,(anonymous_3)
FN:58,(anonymous_4)
FN:68,(anonymous_5)
FN:77,(anonymous_6)
FN:90,(anonymous_7)
FN:104,(anonymous_8)
FN:107,(anonymous_9)
FN:124,(anonymous_10)
FN:128,(anonymous_11)
FN:133,(anonymous_12)
FN:147,(anonymous_13)
FN:152,(anonymous_14)
FN:158,(anonymous_15)
FN:165,(anonymous_16)
FN:173,(anonymous_17)
FN:180,(anonymous_18)
FN:189,(anonymous_19)
FN:201,(anonymous_20)
FN:215,(anonymous_21)
FN:225,(anonymous_22)
FNF:23
FNH:4
FNDA:5,(anonymous_0)
FNDA:0,(anonymous_1)
FNDA:0,(anonymous_2)
FNDA:0,(anonymous_3)
FNDA:0,(anonymous_4)
FNDA:2,(anonymous_5)
FNDA:1,(anonymous_6)
FNDA:1,(anonymous_7)
FNDA:0,(anonymous_8)
FNDA:0,(anonymous_9)
FNDA:0,(anonymous_10)
FNDA:0,(anonymous_11)
FNDA:0,(anonymous_12)
FNDA:0,(anonymous_13)
FNDA:0,(anonymous_14)
FNDA:0,(anonymous_15)
FNDA:0,(anonymous_16)
FNDA:0,(anonymous_17)
FNDA:0,(anonymous_18)
FNDA:0,(anonymous_19)
FNDA:0,(anonymous_20)
FNDA:0,(anonymous_21)
FNDA:0,(anonymous_22)
DA:13,1
DA:20,5
DA:22,5
DA:23,5
DA:34,0
DA:36,0
DA:38,0
DA:43,0
DA:44,0
DA:45,0
DA:47,0
DA:50,0
DA:52,0
DA:55,0
DA:59,0
DA:69,2
DA:78,1
DA:92,1
DA:93,1
DA:94,1
DA:106,0
DA:108,0
DA:109,0
DA:112,0
DA:126,0
DA:129,0
DA:131,0
DA:134,0
DA:148,0
DA:150,0
DA:153,0
DA:156,0
DA:159,0
DA:166,0
DA:167,0
DA:174,0
DA:181,0
DA:182,0
DA:193,0
DA:194,0
DA:195,0
DA:206,0
DA:207,0
DA:208,0
DA:216,0
DA:217,0
DA:219,0
DA:220,0
DA:226,0
DA:227,0
LF:50
LH:9
BRDA:43,0,0,0
BRDA:43,0,1,0
BRDA:108,1,0,0
BRDA:108,1,1,0
BRDA:216,2,0,0
BRDA:216,2,1,0
BRF:6
BRH:0
end_of_record
TN:
SF:C:\Users\Lebo\Documents\EISH_new\Frontend\src\app\services\weather\weather.service.ts
FN:12,(anonymous_0)
FN:14,(anonymous_1)
FNF:2
FNH:1
FNDA:1,(anonymous_0)
FNDA:0,(anonymous_1)
DA:9,1
DA:11,1
DA:12,1
DA:15,0
LF:4
LH:3
BRF:0
BRH:0
end_of_record
TN:
SF:C:\Users\Lebo\Documents\EISH_new\Frontend\src\environments\environment.ts
FNF:0
FNH:0
DA:5,1
LF:1
LH:1
BRF:0
BRH:0
end_of_record
